2022-11-08 15:08:47.111  WARN 20724 --- [main] ory$DuplicateJsonObjectContextCustomizer : 

Found multiple occurrences of org.json.JSONObject on the class path:

	jar:file:/C:/Users/shac/.m2/repository/org/json/json/20160212/json-20160212.jar!/org/json/JSONObject.class
	jar:file:/C:/Users/shac/.m2/repository/com/vaadin/external/google/android-json/0.0.20131108.vaadin1/android-json-0.0.20131108.vaadin1.jar!/org/json/JSONObject.class

You may wish to exclude one of them to ensure predictable runtime behavior

2022-11-08 15:08:47.150  INFO 20724 --- [main] com.rahulshettyacademy.PactConsumerTest  : Starting PactConsumerTest using Java 11.0.13 on WKWIN1968003 with PID 20724 (started by shac in C:\Users\shac\Downloads\Code+Projects\Code Projects\SpringBootRestService)
2022-11-08 15:08:47.154  INFO 20724 --- [main] com.rahulshettyacademy.PactConsumerTest  : No active profile set, falling back to default profiles: default
2022-11-08 15:08:48.008  INFO 20724 --- [main] .s.d.r.c.RepositoryConfigurationDelegate : Bootstrapping Spring Data JPA repositories in DEFAULT mode.
2022-11-08 15:08:48.069  INFO 20724 --- [main] .s.d.r.c.RepositoryConfigurationDelegate : Finished Spring Data repository scanning in 54 ms. Found 1 JPA repository interfaces.
2022-11-08 15:08:48.578  INFO 20724 --- [main] com.zaxxer.hikari.HikariDataSource       : HikariPool-1 - Starting...
2022-11-08 15:08:48.590  WARN 20724 --- [main] com.zaxxer.hikari.util.DriverDataSource  : Registered driver with driverClassName=com.mysql.jdbc.Driver was not found, trying direct instantiation.
2022-11-08 15:08:49.570  INFO 20724 --- [main] com.zaxxer.hikari.HikariDataSource       : HikariPool-1 - Start completed.
2022-11-08 15:08:49.791  INFO 20724 --- [main] o.hibernate.jpa.internal.util.LogHelper  : HHH000204: Processing PersistenceUnitInfo [name: default]
2022-11-08 15:08:49.939  INFO 20724 --- [main] org.hibernate.Version                    : HHH000412: Hibernate ORM core version 5.4.32.Final
2022-11-08 15:08:50.194  INFO 20724 --- [main] o.hibernate.annotations.common.Version   : HCANN000001: Hibernate Commons Annotations {5.1.2.Final}
2022-11-08 15:08:50.377  INFO 20724 --- [main] org.hibernate.dialect.Dialect            : HHH000400: Using dialect: org.hibernate.dialect.MySQL5InnoDBDialect
2022-11-08 15:08:51.427  INFO 20724 --- [main] o.h.e.t.j.p.i.JtaPlatformInitiator       : HHH000490: Using JtaPlatform implementation: [org.hibernate.engine.transaction.jta.platform.internal.NoJtaPlatform]
2022-11-08 15:08:51.438  INFO 20724 --- [main] j.LocalContainerEntityManagerFactoryBean : Initialized JPA EntityManagerFactory for persistence unit 'default'
2022-11-08 15:08:52.223  WARN 20724 --- [main] JpaBaseConfiguration$JpaWebConfiguration : spring.jpa.open-in-view is enabled by default. Therefore, database queries may be performed during view rendering. Explicitly configure spring.jpa.open-in-view to disable this warning
2022-11-08 15:08:53.147  INFO 20724 --- [main] com.rahulshettyacademy.PactConsumerTest  : Started PactConsumerTest in 6.397 seconds (JVM running for 8.807)
2022-11-08 15:08:55.126  INFO 20724 --- [main] a.c.d.p.c.junit5.PactConsumerTestExt     : Writing pacts out to default directory
2022-11-08 15:08:55.746  INFO 20724 --- [SpringApplicationShutdownHook] j.LocalContainerEntityManagerFactoryBean : Closing JPA EntityManagerFactory for persistence unit 'default'
2022-11-08 15:08:55.750  INFO 20724 --- [SpringApplicationShutdownHook] com.zaxxer.hikari.HikariDataSource       : HikariPool-1 - Shutdown initiated...
2022-11-08 15:08:55.768  INFO 20724 --- [SpringApplicationShutdownHook] com.zaxxer.hikari.HikariDataSource       : HikariPool-1 - Shutdown completed.
2022-11-08 19:33:08.190  WARN 2408 --- [main] ory$DuplicateJsonObjectContextCustomizer : 

Found multiple occurrences of org.json.JSONObject on the class path:

	jar:file:/C:/Users/shac/.m2/repository/org/json/json/20160212/json-20160212.jar!/org/json/JSONObject.class
	jar:file:/C:/Users/shac/.m2/repository/com/vaadin/external/google/android-json/0.0.20131108.vaadin1/android-json-0.0.20131108.vaadin1.jar!/org/json/JSONObject.class

You may wish to exclude one of them to ensure predictable runtime behavior

2022-11-08 19:33:08.284  INFO 2408 --- [main] com.rahulshettyacademy.PactConsumerTest  : Starting PactConsumerTest using Java 11.0.13 on WKWIN1968003 with PID 2408 (started by shac in C:\Users\shac\Downloads\Code+Projects\Code Projects\SpringBootRestService)
2022-11-08 19:33:08.309  INFO 2408 --- [main] com.rahulshettyacademy.PactConsumerTest  : No active profile set, falling back to default profiles: default
2022-11-08 19:33:10.193  INFO 2408 --- [main] .s.d.r.c.RepositoryConfigurationDelegate : Bootstrapping Spring Data JPA repositories in DEFAULT mode.
2022-11-08 19:33:10.331  INFO 2408 --- [main] .s.d.r.c.RepositoryConfigurationDelegate : Finished Spring Data repository scanning in 119 ms. Found 1 JPA repository interfaces.
2022-11-08 19:33:11.445  INFO 2408 --- [main] com.zaxxer.hikari.HikariDataSource       : HikariPool-1 - Starting...
2022-11-08 19:33:11.474  WARN 2408 --- [main] com.zaxxer.hikari.util.DriverDataSource  : Registered driver with driverClassName=com.mysql.jdbc.Driver was not found, trying direct instantiation.
2022-11-08 19:33:13.615  INFO 2408 --- [main] com.zaxxer.hikari.HikariDataSource       : HikariPool-1 - Start completed.
2022-11-08 19:33:14.106  INFO 2408 --- [main] o.hibernate.jpa.internal.util.LogHelper  : HHH000204: Processing PersistenceUnitInfo [name: default]
2022-11-08 19:33:14.264  INFO 2408 --- [main] org.hibernate.Version                    : HHH000412: Hibernate ORM core version 5.4.32.Final
2022-11-08 19:33:14.663  INFO 2408 --- [main] o.hibernate.annotations.common.Version   : HCANN000001: Hibernate Commons Annotations {5.1.2.Final}
2022-11-08 19:33:15.010  INFO 2408 --- [main] org.hibernate.dialect.Dialect            : HHH000400: Using dialect: org.hibernate.dialect.MySQL5InnoDBDialect
2022-11-08 19:33:16.474  INFO 2408 --- [main] o.h.e.t.j.p.i.JtaPlatformInitiator       : HHH000490: Using JtaPlatform implementation: [org.hibernate.engine.transaction.jta.platform.internal.NoJtaPlatform]
2022-11-08 19:33:16.501  INFO 2408 --- [main] j.LocalContainerEntityManagerFactoryBean : Initialized JPA EntityManagerFactory for persistence unit 'default'
2022-11-08 19:33:17.814  WARN 2408 --- [main] JpaBaseConfiguration$JpaWebConfiguration : spring.jpa.open-in-view is enabled by default. Therefore, database queries may be performed during view rendering. Explicitly configure spring.jpa.open-in-view to disable this warning
2022-11-08 19:33:19.414  INFO 2408 --- [main] com.rahulshettyacademy.PactConsumerTest  : Started PactConsumerTest in 12.045 seconds (JVM running for 16.722)
2022-11-08 19:33:22.456  INFO 2408 --- [main] a.c.d.p.c.junit5.PactConsumerTestExt     : Writing pacts out to default directory
2022-11-08 19:33:24.346  INFO 2408 --- [SpringApplicationShutdownHook] j.LocalContainerEntityManagerFactoryBean : Closing JPA EntityManagerFactory for persistence unit 'default'
2022-11-08 19:33:24.357  INFO 2408 --- [SpringApplicationShutdownHook] com.zaxxer.hikari.HikariDataSource       : HikariPool-1 - Shutdown initiated...
2022-11-08 19:33:24.394  INFO 2408 --- [SpringApplicationShutdownHook] com.zaxxer.hikari.HikariDataSource       : HikariPool-1 - Shutdown completed.
